<?xml version="1.0" encoding="UTF-8"?>
<!-- Generated by org.testng.reporters.JUnitReportReporter -->
<testsuite hostname="DESKTOP-LP0KD3C" failures="0" tests="2" name="TestNGBluestone.myFirstTestNG" time="40.782" errors="0" timestamp="2023-12-13T20:00:07 IST" skipped="0">
  <testcase classname="TestNGBluestone.myFirstTestNG" name="Testcaseone" time="17.732"/>
  <system-out/>
  <testcase classname="TestNGBluestone.myFirstTestNG" name="Testcasetwo" time="23.050"/>
  <system-out/>
</testsuite> <!-- TestNGBluestone.myFirstTestNG -->
