<?xml version="1.0" encoding="UTF-8"?>
<!-- Generated by org.testng.reporters.JUnitReportReporter -->
<testsuite hostname="DESKTOP-LP0KD3C" failures="0" tests="3" name="DataProvider_Annotation.Facebook_29" time="132.922" errors="0" timestamp="2024-01-15T08:33:17 IST" skipped="0">
  <testcase classname="DataProvider_Annotation.Facebook_29" name="TestCase1" time="32.797"/>
  <testcase classname="DataProvider_Annotation.Facebook_29" name="TestCase1" time="51.965"/>
  <testcase classname="DataProvider_Annotation.Facebook_29" name="TestCase1" time="48.160"/>
</testsuite> <!-- DataProvider_Annotation.Facebook_29 -->
