<?xml version="1.0" encoding="UTF-8"?>
<!-- Generated by org.testng.reporters.JUnitReportReporter -->
<testsuite hostname="DESKTOP-LP0KD3C" failures="0" tests="1" name="MyFistTestCase.testcase" time="34.088" errors="0" timestamp="2023-11-21T11:39:45 IST" skipped="0">
  <testcase classname="MyFistTestCase.testcase" name="testcase" time="34.088"/>
  <system-out/>
</testsuite> <!-- MyFistTestCase.testcase -->
