<?xml version="1.0" encoding="UTF-8"?>
<!-- Generated by org.testng.reporters.JUnitReportReporter -->
<testsuite hostname="DESKTOP-LP0KD3C" failures="0" tests="3" name="Govt_Banks.SBI" time="0.042" errors="0" timestamp="2024-04-25T13:24:46 IST" skipped="0">
  <testcase classname="Govt_Banks.SBI" name="CheckBalance_SBI" time="0.018"/>
  <testcase classname="Govt_Banks.SBI" name="TransferAmount_SBI" time="0.011"/>
  <testcase classname="Govt_Banks.SBI" name="Login_SBI" time="0.013"/>
</testsuite> <!-- Govt_Banks.SBI -->
