<?xml version="1.0" encoding="UTF-8"?>
<!-- Generated by org.testng.reporters.JUnitReportReporter -->
<testsuite hostname="DESKTOP-LP0KD3C" failures="0" tests="3" name="Govt_Banks.PNB" time="0.070" errors="0" timestamp="2024-04-25T13:24:46 IST" skipped="0">
  <testcase classname="Govt_Banks.PNB" name="Login_PNB" time="0.008"/>
  <testcase classname="Govt_Banks.PNB" name="TransferAmount_PNB" time="0.013"/>
  <testcase classname="Govt_Banks.PNB" name="CheckBalance_PNB" time="0.049"/>
</testsuite> <!-- Govt_Banks.PNB -->
