<?xml version="1.0" encoding="UTF-8"?>
<!-- Generated by org.testng.reporters.JUnitReportReporter -->
<testsuite hostname="DESKTOP-LP0KD3C" failures="0" tests="4" name="All_Tasks.Priority_Enable_26" time="0.110" errors="0" timestamp="2024-01-18T14:44:28 IST" skipped="0">
  <testcase classname="All_Tasks.Priority_Enable_26" name="login_PNB" time="0.010"/>
  <testcase classname="All_Tasks.Priority_Enable_26" name="CheckBalance" time="0.069"/>
  <testcase classname="All_Tasks.Priority_Enable_26" name="TransferAmount_PNB" time="0.017"/>
  <testcase classname="All_Tasks.Priority_Enable_26" name="ReceivedAmount_PNB" time="0.014"/>
</testsuite> <!-- All_Tasks.Priority_Enable_26 -->
