<?xml version="1.0" encoding="UTF-8"?>
<!-- Generated by org.testng.reporters.JUnitReportReporter -->
<testsuite hostname="DESKTOP-LP0KD3C" failures="0" tests="4" name="TestNGBluestone.FaceBook_TestCases" time="34.862" errors="0" timestamp="2023-12-14T23:49:49 IST" skipped="0">
  <testcase classname="TestNGBluestone.FaceBook_TestCases" name="inValID_inValidPwd" time="5.759"/>
  <system-out/>
  <testcase classname="TestNGBluestone.FaceBook_TestCases" name="ValidID_ValidPwd" time="5.153"/>
  <system-out/>
  <testcase classname="TestNGBluestone.FaceBook_TestCases" name="validID_inValidPwd" time="10.998"/>
  <system-out/>
  <testcase classname="TestNGBluestone.FaceBook_TestCases" name="InvalidID_Valid_Pwd" time="12.952"/>
  <system-out/>
</testsuite> <!-- TestNGBluestone.FaceBook_TestCases -->
