<?xml version="1.0" encoding="UTF-8"?>
<!-- Generated by org.testng.reporters.JUnitReportReporter -->
<testsuite hostname="DESKTOP-LP0KD3C" failures="0" tests="3" name="Private_Banks.HDFC" time="0.038" errors="0" timestamp="2024-04-25T12:33:12 IST" skipped="0">
  <testcase classname="Private_Banks.HDFC" name="TransferAmount_HDFC" time="0.011"/>
  <testcase classname="Private_Banks.HDFC" name="Login_HDFC" time="0.008"/>
  <testcase classname="Private_Banks.HDFC" name="CheckBalance_HDFC" time="0.019"/>
</testsuite> <!-- Private_Banks.HDFC -->
