<?xml version="1.0" encoding="UTF-8"?>
<!-- Generated by org.testng.reporters.JUnitReportReporter -->
<testsuite hostname="DESKTOP-LP0KD3C" failures="0" tests="4" name="All_Tasks.Priority_Enable_Tasks" time="0.203" errors="0" timestamp="2023-12-21T11:00:55 IST" skipped="0">
  <testcase classname="All_Tasks.Priority_Enable_Tasks" name="login_PNB" time="0.016"/>
  <testcase classname="All_Tasks.Priority_Enable_Tasks" name="CheckBalance" time="0.134"/>
  <testcase classname="All_Tasks.Priority_Enable_Tasks" name="TransferAmount_PNB" time="0.040"/>
  <testcase classname="All_Tasks.Priority_Enable_Tasks" name="ReceivedAmount_PNB" time="0.013"/>
</testsuite> <!-- All_Tasks.Priority_Enable_Tasks -->
