<?xml version="1.0" encoding="UTF-8"?>
<!-- Generated by org.testng.reporters.JUnitReportReporter -->
<testsuite hostname="DESKTOP-LP0KD3C" failures="0" tests="3" name="Private_Banks.ICICI" time="0.038" errors="0" timestamp="2024-04-25T12:33:12 IST" skipped="0">
  <testcase classname="Private_Banks.ICICI" name="Login_ICICI" time="0.016"/>
  <testcase classname="Private_Banks.ICICI" name="CheckBalance_ICICI" time="0.007"/>
  <testcase classname="Private_Banks.ICICI" name="TransferAmount_ICICI" time="0.015"/>
</testsuite> <!-- Private_Banks.ICICI -->
