<?xml version="1.0" encoding="UTF-8"?>
<!-- Generated by org.testng.reporters.JUnitReportReporter -->
<testsuite hostname="DESKTOP-LP0KD3C" failures="0" tests="3" name="DataProvider_Annotation.FaceBook" time="65.760" errors="0" timestamp="2024-01-29T15:25:10 IST" skipped="0">
  <testcase classname="DataProvider_Annotation.FaceBook" name="TestCases" time="27.716"/>
  <testcase classname="DataProvider_Annotation.FaceBook" name="TestCases" time="19.295"/>
  <testcase classname="DataProvider_Annotation.FaceBook" name="TestCases" time="18.749"/>
</testsuite> <!-- DataProvider_Annotation.FaceBook -->
