<?xml version="1.0" encoding="UTF-8"?>
<!-- Generated by org.testng.reporters.JUnitReportReporter -->
<testsuite hostname="DESKTOP-LP0KD3C" failures="0" tests="1" name="FaceBook.FaceBook_TestCases" time="8.214" errors="0" timestamp="2023-12-15T01:04:51 IST" skipped="0">
  <testcase classname="FaceBook.FaceBook_TestCases" name="ValidID_ValidPwd" time="8.214"/>
  <system-out/>
</testsuite> <!-- FaceBook.FaceBook_TestCases -->
