<?xml version="1.0" encoding="UTF-8"?>
<!-- Generated by org.testng.reporters.JUnitReportReporter -->
<testsuite hostname="DESKTOP-LP0KD3C" failures="0" tests="5" name="DataProvider_Annotation.Task" time="558.848" errors="0" timestamp="2024-04-27T00:04:18 IST" skipped="0">
  <testcase classname="DataProvider_Annotation.Task" name="TestCase1" time="56.399"/>
  <testcase classname="DataProvider_Annotation.Task" name="TestCase1" time="74.586"/>
  <testcase classname="DataProvider_Annotation.Task" name="TestCase1" time="52.887"/>
  <testcase classname="DataProvider_Annotation.Task" name="TestCase1" time="55.218"/>
  <testcase classname="DataProvider_Annotation.Task" name="TestCase1" time="319.758"/>
</testsuite> <!-- DataProvider_Annotation.Task -->
